<?xml version="1.0" encoding="UTF-8"?>
<!-- Generated by org.testng.reporters.JUnitReportReporter -->
<testsuite hostname="Pauls-MacBook-Air.local" failures="0" tests="2" name="LoginTests.LoginTest" time="4.585" errors="0" timestamp="2020-09-09T22:35:42 BST" skipped="0">
  <testcase classname="LoginTests.LoginTest" name="userSignInWithValidCredentials" time="2.118"/>
  <testcase classname="LoginTests.LoginTest" name="userSignInWithInvalidCredentials" time="2.467"/>
</testsuite> <!-- LoginTests.LoginTest -->
