<?xml version="1.0" encoding="UTF-8"?>
<!-- Generated by org.testng.reporters.JUnitReportReporter -->
<testsuite hostname="Pauls-MacBook-Air.local" failures="0" tests="1" name="LeaveTests.CancelLeaveFromMyLeavePageTest" time="5.331" errors="0" timestamp="2020-09-09T22:35:42 BST" skipped="0">
  <testcase classname="LeaveTests.CancelLeaveFromMyLeavePageTest" name="cancelLeaveWithTypeVacationFromMyLeavePage" time="5.331"/>
</testsuite> <!-- LeaveTests.CancelLeaveFromMyLeavePageTest -->
