<?xml version="1.0" encoding="UTF-8"?>
<!-- Generated by org.testng.reporters.JUnitReportReporter -->
<testsuite hostname="Pauls-MacBook-Air.local" failures="0" tests="1" name="UserManagementTests.DeleteUserTest" time="9.269" errors="0" timestamp="2020-09-09T22:35:42 BST" skipped="0">
  <testcase classname="UserManagementTests.DeleteUserTest" name="deleteUser" time="9.269"/>
</testsuite> <!-- UserManagementTests.DeleteUserTest -->
