<?xml version="1.0" encoding="UTF-8"?>
<!-- Generated by org.testng.reporters.JUnitReportReporter -->
<testsuite hostname="Pauls-MacBook-Air.local" failures="0" tests="2" name="UserManagementTests.AddUserTest" time="9.675" errors="0" timestamp="2020-09-09T22:35:42 BST" skipped="0">
  <testcase classname="UserManagementTests.AddUserTest" name="addNewUser" time="5.271"/>
  <testcase classname="UserManagementTests.AddUserTest" name="verifyNewUserAdded" time="4.404"/>
</testsuite> <!-- UserManagementTests.AddUserTest -->
