<?xml version="1.0" encoding="UTF-8"?>
<!-- Generated by org.testng.reporters.JUnitReportReporter -->
<testsuite hostname="Pauls-MacBook-Air.local" failures="0" tests="1" name="LeaveTests.VerifyAllCheckboxesSelectedTest" time="4.311" errors="0" timestamp="2020-09-09T22:35:42 BST" skipped="0">
  <testcase classname="LeaveTests.VerifyAllCheckboxesSelectedTest" name="verifyAllCheckBoxesSelected" time="4.311"/>
</testsuite> <!-- LeaveTests.VerifyAllCheckboxesSelectedTest -->
